therion 6.3.3 (2025-01-06)
  - using Proj 9.4.1, compiled against 9.4.1
initialization file: C:\Program Files\Therion/therion.ini
reading ... done
configuration file: JH_MO_DW_29_03_2026.thconfig
reading ... done
reading source files ... done
preprocessing database ... done
scanning centreline tree ... done
searching for centerline loops ... done
calculating station coordinates ... done
processing survey data ... 
####################### cavern log file ########################
 1> Survex 1.4.5
 2> Copyright ｸ 1990-2021 Olly Betts
 3> Survey has no fixed points. Therefore I've fixed 1 at (0,0,0)
 4> 
 5> Survey contains 466 survey stations, joined by 465 legs.
 6> There is 1 loop.
 7> Survey has 2 connected components.
 8> Total length of survey legs =  173.22m ( 173.22m adjusted)
 9> Total plan length of survey legs =  165.87m
10> Total vertical length of survey legs =   38.25m
11> Vertical range = 12.56m (from 213 at 10.47m to 14 at -2.09m)
12> North-South range = 49.94m (from 13 at 0.41m to 190 at -49.52m)
13> East-West range = 44.86m (from 292 at 2.86m to 192 at -42.00m)
14>  421 1-nodes.
15>    3 2-nodes.
16>    4 5-nodes.
17>    3 6-nodes.
18>    5 7-nodes.
19>    3 8-nodes.
20>    2 9-nodes.
21>    4 10-nodes.
22>    1 11-node.
23>    4 13-nodes.
24>    3 14-nodes.
25>    5 15-nodes.
26>    1 16-node.
27>    2 18-nodes.
28>    1 19-node.
29>    2 20-nodes.
30>    1 28-node.
31>    1 29-node.
32> 
######################### transcription ########################
 3> 1 : 1@JH_MO_DW_29_03_2026
 5> 466 : -@JH_MO_DW_29_03_2026 -- 465 : -@JH_MO_DW_29_03_2026
 6> 1 : 1@JH_MO_DW_29_03_2026
 7> 2 : -@JH_MO_DW_29_03_2026
11> 213 : -@JH_MO_DW_29_03_2026 -- 14 : -@JH_MO_DW_29_03_2026
12> 13 : -@JH_MO_DW_29_03_2026 -- 190 : -@JH_MO_DW_29_03_2026
13> 292 : -@JH_MO_DW_29_03_2026 -- 192 : -@JH_MO_DW_29_03_2026
14> 421 : -@JH_MO_DW_29_03_2026
15> 3 : -@JH_MO_DW_29_03_2026
16> 4 : -@JH_MO_DW_29_03_2026
17> 3 : -@JH_MO_DW_29_03_2026
18> 5 : 2@JH_MO_DW_29_03_2026
19> 3 : -@JH_MO_DW_29_03_2026
20> 2 : -@JH_MO_DW_29_03_2026
21> 4 : -@JH_MO_DW_29_03_2026
22> 1 : 1@JH_MO_DW_29_03_2026
23> 4 : -@JH_MO_DW_29_03_2026
24> 3 : -@JH_MO_DW_29_03_2026
25> 5 : 2@JH_MO_DW_29_03_2026
26> 1 : 1@JH_MO_DW_29_03_2026
27> 2 : -@JH_MO_DW_29_03_2026
28> 1 : 1@JH_MO_DW_29_03_2026
29> 2 : -@JH_MO_DW_29_03_2026
30> 1 : 1@JH_MO_DW_29_03_2026
31> 1 : 1@JH_MO_DW_29_03_2026
#################### end of cavern log file ####################
done
calculating basic statistics ... done
processing extended elevation ... done
processing references ... done
selecting export objects ... done
processing projection plan ... done
average distortion: 0.04%


############### export maps & scraps selection #################
S     8.46 higher-level-1@JH_MO_DW_29_03_2026 ()
S     3.60 lower-level-1@JH_MO_DW_29_03_2026 ()
S     1.03 lower-flood-1@JH_MO_DW_29_03_2026 ()
########## end of export maps & scraps selection ###############
writing output/JH_MO_DW_29_03_2026-plan.pdf ...
processing projection none ... done
####################### metapost log file ########################
This is MetaPost, version 2.01 (TeX Live 2021/W32TeX) (kpathsea version 6.3.3)  13 APR 2026 13:41
**data.mp
(c:/Program Files/Therion/texmf/mpost/mpost.mp
(c:/Program Files/Therion/texmf/mpost/plain.mp
Preloading the plain mem file, version 1.005) ) (./data.mp
{randomseed:=42}
 [1] [2] [3] [4]
[5] [6] [7] [8] [9] [10] [11] [12] [13] [14]
[1] [2] [3] [4] [5] [6] [7] [8] [9] [10] [11] [12] [13]
[Warning: Invalid stairs definition in scrap lower-level-1@JH_MO_DW_29_03_2026]
[Warning: Invalid stairs definition in scrap lower-level-1@JH_MO_DW_29_03_2026]
[14] [15] [16] [17] [18] [19] [20] [21] [22] [23] [24] [25] [26] [27] [28]
[29] [30] [31] [32] [33] [34] [35] [36] [37] [38] [39] [40] [41]
[Error: area borders l419--3174--3755 and l428--2833--3134 don't intersect in s
crap higher-level-1@JH_MO_DW_29_03_2026 (file JH_MO_DW_29_03_2026.plan.th2 [133
6])] [42] [43] [44] [45] [46] [47] [48] [49] [50] [51] [52] [53] [54] [55]
[56] (./mptextmp.mp) [57] [58] [59] [60] [61] [62] [63] [64] [65] [66] [67]
[68] [69] [70] [71] [72] [73] [74] [75] [76] [77] [78] )
 
Here is how much of MetaPost's memory you used:
 17701 strings using 374635 characters
 3745944 bytes of node memory
 1887 symbolic tokens
 9i,82n,16p,440b,5f stack positions out of 16i,98n,20p,487b,6f
92 output files written: data-patt.1 .. data.78


#################### end of metapost log file ####################
converting scraps ... done
making map ... done
######################## pdftex log file #########################
This is pdfTeX, Version 3.141592653-2.6-1.40.22 (TeX Live 2021/W32TeX) (preloaded format=pdfetex 2023.12.2)  13 APR 2026 13:41
entering extended mode
**data.tex
(./data.tex (./th_enc.tex) (./th_texts.tex) (./th_resources.tex
(c:/Program Files/Therion/texmf/tex/glyphtounicode.tex)) (./th_fontdef.tex{c:/P
rogram Files/Therion/texmf/fonts/pdftex.map})
(./th_formdef.tex) (./th_pagedef.tex (./th_legend.tex)) (./th_pages.tex)
 171 numeric registers used out of 32768

[1] ) 
Here is how much of TeX's memory you used:
 406 strings out of 95671
 5327 string characters out of 1192323
 100926 words of memory out of 1580969
 1799 multiletter control sequences out of 15000+50000
 21229 words of font info for 66 fonts, out of 1000000 for 2000
 844 hyphenation exceptions out of 5000
 12i,5n,7p,779b,76s stack positions out of 5000i,500n,10000p,200000b,50000s
<c:/Program Files/Therion/texmf/fonts/type1/cmss10.pfb><c:/Program Files/T
herion/texmf/fonts/type1/cmssi10.pfb>
Output written on data.pdf (1 page, 156489 bytes).
PDF statistics:
 281 PDF objects out of 1000 (max. 8388607)
 143 compressed objects within 2 object streams
 0 named destinations out of 1000 (max. 500000)
 795 words of extra memory for PDF output out of 10000 (max. 10000000)


##################### end of pdftex log file #####################
done
processing projection extended ... done
average distortion: 0.01%


############### export maps & scraps selection #################
S     0.00 main-passage@JH_MO_DW_29_03_2026 ()
S     0.00 side-bit@JH_MO_DW_29_03_2026 ()
S     0.00 lower-wet@JH_MO_DW_29_03_2026 ()
########## end of export maps & scraps selection ###############
writing output/JH_MO_DW_29_03_2026-ee.pdf ...
####################### metapost log file ########################
This is MetaPost, version 2.01 (TeX Live 2021/W32TeX) (kpathsea version 6.3.3)  13 APR 2026 13:41
**data.mp
(c:/Program Files/Therion/texmf/mpost/mpost.mp
(c:/Program Files/Therion/texmf/mpost/plain.mp
Preloading the plain mem file, version 1.005) ) (./data.mp
{randomseed:=42}
 [1] [2] [3] [4]
[5] [6] [7] [8] [9] [10] [11] [12] [13] [14]
[1] [2] [3] [4] [5] [6] [7] [8] (./mptextmp.mp) [9] )
 
Here is how much of MetaPost's memory you used:
 7462 strings using 156490 characters
 3492328 bytes of node memory
 1879 symbolic tokens
 8i,82n,11p,312b,4f stack positions out of 16i,98n,12p,312b,6f
23 output files written: data-patt.1 .. data-patt.14


#################### end of metapost log file ####################
converting scraps ... done
making map ... done
######################## pdftex log file #########################
This is pdfTeX, Version 3.141592653-2.6-1.40.22 (TeX Live 2021/W32TeX) (preloaded format=pdfetex 2023.12.2)  13 APR 2026 13:41
entering extended mode
**data.tex
(./data.tex (./th_enc.tex) (./th_texts.tex) (./th_resources.tex
(c:/Program Files/Therion/texmf/tex/glyphtounicode.tex)) (./th_fontdef.tex{c:/P
rogram Files/Therion/texmf/fonts/pdftex.map})
(./th_formdef.tex) (./th_pagedef.tex) (./th_pages.tex)
 63 numeric registers used out of 32768
 [1] ) 
Here is how much of TeX's memory you used:
 293 strings out of 95671
 4052 string characters out of 1192323
 77620 words of memory out of 1560663
 1691 multiletter control sequences out of 15000+50000
 16503 words of font info for 54 fonts, out of 1000000 for 2000
 844 hyphenation exceptions out of 5000
 7i,5n,6p,269b,36s stack positions out of 5000i,500n,10000p,200000b,50000s
<c:/Program Files/Therion/texmf/fonts/type1/cmss10.pfb>
Output written on data.pdf (1 page, 52673 bytes).
PDF statistics:
 60 PDF objects out of 1000 (max. 8388607)
 33 compressed objects within 1 object stream
 0 named destinations out of 1000 (max. 500000)
 149 words of extra memory for PDF output out of 10000 (max. 10000000)


##################### end of pdftex log file #####################
done
writing xtherion file ... done
compilation time: 2 sec


###################### scrap distortions #######################
 PROJECTION: plan
 AVERAGE  MAXIMAL  SCRAP
   0.04%    1.90%  lower-level-1@JH_MO_DW_29_03_2026
   0.03%    0.64%  lower-flood-1@JH_MO_DW_29_03_2026
   0.04%    0.41%  higher-level-1@JH_MO_DW_29_03_2026
################### end of scrap distortions ###################


###################### scrap distortions #######################
 PROJECTION: extended
 AVERAGE  MAXIMAL  SCRAP
   0.02%    0.74%  lower-wet@JH_MO_DW_29_03_2026
   0.01%    0.71%  main-passage@JH_MO_DW_29_03_2026
   0.01%    0.28%  side-bit@JH_MO_DW_29_03_2026
################### end of scrap distortions ###################
